<?xml version="1.0" encoding="UTF-8"?>
<!-- Generated by org.testng.reporters.JUnitXMLReporter -->
<testsuite ignored="7" hostname="Hp_Blaster" failures="0" tests="3" name="Regression testing" time="0.629" errors="0" timestamp="2024-05-29T17:50:00 IST">
  <testcase classname="com.qa.testcases.IndexPageTest" name="@BeforeTest setup" time="0.016">
    <failure type="java.lang.NullPointerException" message="Cannot invoke &amp;quot;String.equalsIgnoreCase(String)&amp;quot; because &amp;quot;browserName&amp;quot; is null">
      <![CDATA[java.lang.NullPointerException: Cannot invoke "String.equalsIgnoreCase(String)" because "browserName" is null
at com.qa.base.baseClass.initializeBrowserAndOpenApplication(baseClass.java:37)
at com.qa.testcases.IndexPageTest.setup(IndexPageTest.java:26)
... Removed 22 stack frames]]>
    </failure>
  </testcase> <!-- @BeforeTest setup -->
  <testcase classname="com.qa.testcases.EndToEndTest" name="@BeforeMethod setup" time="0.0">
    <skipped/>
  </testcase> <!-- @BeforeMethod setup -->
  <testcase classname="com.qa.testcases.EndToEndTest" name="@AfterMethod tearDown" time="0.0">
    <skipped/>
  </testcase> <!-- @AfterMethod tearDown -->
  <testcase classname="com.qa.testcases.AddToCartTest" name="@BeforeMethod setup" time="0.0">
    <skipped/>
  </testcase> <!-- @BeforeMethod setup -->
  <testcase classname="com.qa.testcases.AddToCartTest" name="@AfterMethod tearDown" time="0.0">
    <skipped/>
  </testcase> <!-- @AfterMethod tearDown -->
  <testcase classname="com.qa.testcases.OrderPageTest" name="@BeforeMethod setup" time="0.0">
    <skipped/>
  </testcase> <!-- @BeforeMethod setup -->
  <testcase classname="com.qa.testcases.OrderPageTest" name="@AfterMethod tearDown" time="0.0">
    <skipped/>
  </testcase> <!-- @AfterMethod tearDown -->
  <testcase classname="com.qa.testcases.IndexPageTest" name="@AfterTest tearDown" time="0.0">
    <skipped/>
  </testcase> <!-- @AfterTest tearDown -->
  <testcase classname="com.qa.testcases.EndToEndTest" name="addToCartTest" time="0.0">
    <skipped/>
  </testcase> <!-- addToCartTest -->
  <testcase classname="com.qa.testcases.AddToCartTest" name="addToCartTest" time="0.0">
    <skipped/>
  </testcase> <!-- addToCartTest -->
  <testcase classname="com.qa.testcases.OrderPageTest" name="verifyTotalPrice" time="0.001">
    <skipped/>
  </testcase> <!-- verifyTotalPrice -->
  <testcase classname="com.qa.testcases.IndexPageTest" name="verifyTitle" time="0.0">
    <ignored/>
  </testcase> <!-- verifyTitle -->
  <testcase classname="com.qa.testcases.HomePageTest" name="validateWishList" time="0.0">
    <ignored/>
  </testcase> <!-- validateWishList -->
  <testcase classname="com.qa.testcases.SearchResultPageTest" name="productAvailabiltyTest" time="0.0">
    <ignored/>
  </testcase> <!-- productAvailabiltyTest -->
  <testcase classname="com.qa.testcases.IndexPageTest" name="verifyLogo" time="0.0">
    <ignored/>
  </testcase> <!-- verifyLogo -->
  <testcase classname="com.qa.testcases.LoginPageTest" name="loginTest" time="0.0">
    <ignored/>
  </testcase> <!-- loginTest -->
  <testcase classname="com.qa.testcases.HomePageTest" name="myAccountIsDisplayed" time="0.0">
    <ignored/>
  </testcase> <!-- myAccountIsDisplayed -->
  <testcase classname="com.qa.testcases.AccountCreatePageTest" name="verifyCreateAccountPageTest" time="0.0">
    <ignored/>
  </testcase> <!-- verifyCreateAccountPageTest -->
</testsuite> <!-- Regression testing -->
